c:\users\arabi\desktop\2018_fall_oop_teamproject\teamproject\teamproject\debug\vc141.pdb
c:\users\arabi\desktop\2018_fall_oop_teamproject\teamproject\teamproject\debug\vc141.idb
c:\users\arabi\desktop\2018_fall_oop_teamproject\teamproject\teamproject\debug\usercontroller.obj
c:\users\arabi\desktop\2018_fall_oop_teamproject\teamproject\teamproject\debug\user.obj
c:\users\arabi\desktop\2018_fall_oop_teamproject\teamproject\teamproject\debug\spotview.obj
c:\users\arabi\desktop\2018_fall_oop_teamproject\teamproject\teamproject\debug\spotcontroller.obj
c:\users\arabi\desktop\2018_fall_oop_teamproject\teamproject\teamproject\debug\spot.obj
c:\users\arabi\desktop\2018_fall_oop_teamproject\teamproject\teamproject\debug\passengercontroller.obj
c:\users\arabi\desktop\2018_fall_oop_teamproject\teamproject\teamproject\debug\passenger.obj
c:\users\arabi\desktop\2018_fall_oop_teamproject\teamproject\teamproject\debug\handler.obj
c:\users\arabi\desktop\2018_fall_oop_teamproject\teamproject\teamproject\debug\graph.obj
c:\users\arabi\desktop\2018_fall_oop_teamproject\teamproject\teamproject\debug\event.obj
c:\users\arabi\desktop\2018_fall_oop_teamproject\teamproject\teamproject\debug\calculation.obj
c:\users\arabi\desktop\2018_fall_oop_teamproject\teamproject\teamproject\debug\server.obj
c:\users\arabi\desktop\2018_fall_oop_teamproject\teamproject\teamproject\debug\printmethod.obj
c:\users\arabi\desktop\2018_fall_oop_teamproject\teamproject\teamproject\debug\main.obj
c:\users\arabi\desktop\2018_fall_oop_teamproject\teamproject\teamproject\debug\login.obj
c:\users\arabi\desktop\2018_fall_oop_teamproject\teamproject\debug\teamproject.exe
c:\users\arabi\desktop\2018_fall_oop_teamproject\teamproject\debug\teamproject.ilk
c:\users\arabi\desktop\2018_fall_oop_teamproject\teamproject\debug\teamproject.pdb
c:\users\arabi\desktop\2018_fall_oop_teamproject\teamproject\teamproject\debug\passengerview.obj
c:\users\arabi\desktop\2018_fall_oop_teamproject\teamproject\teamproject\debug\stdafx.obj
c:\users\arabi\desktop\2018_fall_oop_teamproject\teamproject\teamproject\debug\termproject.obj
c:\users\arabi\desktop\2018_fall_oop_teamproject\teamproject\teamproject\debug\userview.obj
c:\users\arabi\desktop\2018_fall_oop_teamproject\teamproject\teamproject\debug\main.obj.enc
c:\users\arabi\desktop\2018_fall_oop_teamproject\teamproject\teamproject\debug\termproject.new.obj.enc
c:\users\arabi\desktop\2018_fall_oop_teamproject\teamproject\teamproject\debug\termproject.res
c:\users\arabi\desktop\2018_fall_oop_teamproject\teamproject\teamproject\debug\termproject.pch
c:\users\arabi\desktop\2018_fall_oop_teamproject\teamproject\teamproject\debug\vc120.idb
c:\users\arabi\desktop\2018_fall_oop_teamproject\teamproject\teamproject\debug\vc140.idb
c:\users\arabi\desktop\2018_fall_oop_teamproject\teamproject\teamproject\debug\vc120.pdb
c:\users\arabi\desktop\2018_fall_oop_teamproject\teamproject\teamproject\debug\vc140.pdb
c:\users\arabi\desktop\2018_fall_oop_teamproject\teamproject\teamproject\debug\teamproject.tlog\cl.command.1.tlog
c:\users\arabi\desktop\2018_fall_oop_teamproject\teamproject\teamproject\debug\teamproject.tlog\cl.read.1.tlog
c:\users\arabi\desktop\2018_fall_oop_teamproject\teamproject\teamproject\debug\teamproject.tlog\cl.write.1.tlog
c:\users\arabi\desktop\2018_fall_oop_teamproject\teamproject\teamproject\debug\teamproject.tlog\link.command.1.tlog
c:\users\arabi\desktop\2018_fall_oop_teamproject\teamproject\teamproject\debug\teamproject.tlog\link.read.1.tlog
c:\users\arabi\desktop\2018_fall_oop_teamproject\teamproject\teamproject\debug\teamproject.tlog\link.write.1.tlog
