C:\Program Files (x86)\Microsoft Visual Studio\2017\Community\Common7\IDE\VC\VCTargets\Microsoft.CppBuild.targets(391,5): warning MSB8028: 중간 디렉터리(Debug\)에 다른 프로젝트(TermProject.vcxproj)에서 공유하는 파일이 포함되어 있습니다.  이로 인해 잘못된 정리 및 다시 빌드 동작이 수행될 수 있습니다.
  Calculation.cpp
  Event.cpp
c:\users\rlajd\desktop\2018_fall_oop_teamproject\teamproject\teamproject\event.cpp(32): warning C4101: 'exception' :참조되지 않은 지역 변수입니다.
  Graph.cpp
  Handler.cpp
  Passenger.cpp
  PassengerController.cpp
  Server.cpp
  Spot.cpp
c:\users\rlajd\desktop\2018_fall_oop_teamproject\teamproject\teamproject\spot.cpp(93): warning C4018: '<': signed 또는 unsigned가 일치하지 않습니다.
  SpotController.cpp
  SpotView.cpp
  코드를 생성하고 있습니다...
c:\users\rlajd\desktop\2018_fall_oop_teamproject\teamproject\teamproject\spotcontroller.cpp(22): warning C4715: 'SpotController::getSpot': 모든 제어 경로에서 값을 반환하지는 않습니다.
c:\users\rlajd\desktop\2018_fall_oop_teamproject\teamproject\teamproject\spot.cpp(103): warning C4715: 'Spot::getPassengersByUserNum': 모든 제어 경로에서 값을 반환하지는 않습니다.
c:\users\rlajd\desktop\2018_fall_oop_teamproject\teamproject\teamproject\graph.cpp(79): warning C4715: 'Graph::makeGraph': 모든 제어 경로에서 값을 반환하지는 않습니다.
c:\users\rlajd\desktop\2018_fall_oop_teamproject\teamproject\teamproject\graph.cpp(195): warning C4715: 'Graph::convertEdge': 모든 제어 경로에서 값을 반환하지는 않습니다.
c:\users\rlajd\desktop\2018_fall_oop_teamproject\teamproject\teamproject\event.cpp(35): warning C4715: 'Event::eventDeletePassenger': 모든 제어 경로에서 값을 반환하지는 않습니다.
c:\users\rlajd\desktop\2018_fall_oop_teamproject\teamproject\teamproject\event.cpp(85): warning C4715: 'Event::getPassengerByUserNum': 모든 제어 경로에서 값을 반환하지는 않습니다.
LINK : fatal error LNK1561: 진입점이 정의되어야 합니다.
